<?xml version="1.0" encoding="UTF-8"?>
<testng-results skipped="0" failed="0" ignored="0" total="1" passed="1">
  <reporter-output>
  </reporter-output>
  <suite name="Default suite" duration-ms="44727" started-at="2017-06-14T08:55:29Z" finished-at="2017-06-14T08:56:14Z">
    <groups>
    </groups>
    <test name="Default test" duration-ms="44727" started-at="2017-06-14T08:55:29Z" finished-at="2017-06-14T08:56:14Z">
      <class name="com.hrm.scripts.TestAddDeleteEmployee">
        <test-method status="PASS" signature="initFrameWork()[pri:0, instance:com.hrm.scripts.TestAddDeleteEmployee@5f2108b5]" name="initFrameWork" is-config="true" duration-ms="170" started-at="2017-06-14T14:25:29Z" finished-at="2017-06-14T14:25:29Z">
          <reporter-output>
          </reporter-output>
        </test-method> <!-- initFrameWork -->
        <test-method status="PASS" signature="initGlobalVar()[pri:0, instance:com.hrm.scripts.TestAddDeleteEmployee@5f2108b5]" name="initGlobalVar" is-config="true" duration-ms="0" started-at="2017-06-14T14:25:29Z" finished-at="2017-06-14T14:25:29Z">
          <reporter-output>
          </reporter-output>
        </test-method> <!-- initGlobalVar -->
        <test-method status="PASS" signature="initApplication(java.lang.String)[pri:0, instance:com.hrm.scripts.TestAddDeleteEmployee@5f2108b5]" name="initApplication" is-config="true" duration-ms="3795" started-at="2017-06-14T14:25:29Z" finished-at="2017-06-14T14:25:33Z">
          <params>
            <param index="0">
              <value>
                <![CDATA[chrome]]>
              </value>
            </param>
          </params>
          <reporter-output>
          </reporter-output>
        </test-method> <!-- initApplication -->
        <test-method status="PASS" signature="preCondition(java.lang.reflect.Method)[pri:0, instance:com.hrm.scripts.TestAddDeleteEmployee@5f2108b5]" name="preCondition" is-config="true" duration-ms="12208" started-at="2017-06-14T14:25:33Z" finished-at="2017-06-14T14:25:45Z">
          <params>
            <param index="0">
              <value>
                <![CDATA[public void com.hrm.scripts.TestAddDeleteEmployee.testAddDeleteEmp()]]>
              </value>
            </param>
          </params>
          <reporter-output>
          </reporter-output>
        </test-method> <!-- preCondition -->
        <test-method status="PASS" signature="testAddDeleteEmp()[pri:4, instance:com.hrm.scripts.TestAddDeleteEmployee@5f2108b5]" name="testAddDeleteEmp" duration-ms="26911" started-at="2017-06-14T14:25:45Z" finished-at="2017-06-14T14:26:12Z">
          <reporter-output>
          </reporter-output>
        </test-method> <!-- testAddDeleteEmp -->
        <test-method status="PASS" signature="postCondition(org.testng.ITestResult)[pri:0, instance:com.hrm.scripts.TestAddDeleteEmployee@5f2108b5]" name="postCondition" is-config="true" duration-ms="943" started-at="2017-06-14T14:26:12Z" finished-at="2017-06-14T14:26:13Z">
          <params>
            <param index="0">
              <value>
                <![CDATA[[TestResult name=testAddDeleteEmp status=SUCCESS method=TestAddDeleteEmployee.testAddDeleteEmp()[pri:4, instance:com.hrm.scripts.TestAddDeleteEmployee@5f2108b5] output={null}]]]>
              </value>
            </param>
          </params>
          <reporter-output>
          </reporter-output>
        </test-method> <!-- postCondition -->
        <test-method status="PASS" signature="closeApplication()[pri:0, instance:com.hrm.scripts.TestAddDeleteEmployee@5f2108b5]" name="closeApplication" is-config="true" duration-ms="859" started-at="2017-06-14T14:26:13Z" finished-at="2017-06-14T14:26:14Z">
          <reporter-output>
          </reporter-output>
        </test-method> <!-- closeApplication -->
        <test-method status="PASS" signature="publishReport()[pri:0, instance:com.hrm.scripts.TestAddDeleteEmployee@5f2108b5]" name="publishReport" is-config="true" duration-ms="200" started-at="2017-06-14T14:26:14Z" finished-at="2017-06-14T14:26:14Z">
          <reporter-output>
          </reporter-output>
        </test-method> <!-- publishReport -->
      </class> <!-- com.hrm.scripts.TestAddDeleteEmployee -->
    </test> <!-- Default test -->
  </suite> <!-- Default suite -->
</testng-results>
